[2022.11.16-17.08.14:854][  0]Log file open, 11/16/22 09:08:14
[2022.11.16-17.08.14:855][  0]LogMemory: Platform Memory Stats for WindowsServer
[2022.11.16-17.08.14:855][  0]LogMemory: Process Physical Memory: 61.96 MB used, 61.96 MB peak
[2022.11.16-17.08.14:855][  0]LogMemory: Process Virtual Memory: 59.35 MB used, 59.48 MB peak
[2022.11.16-17.08.14:855][  0]LogMemory: Physical Memory: 255052.33 MB used, 393108.72 MB total
[2022.11.16-17.08.14:855][  0]LogMemory: Virtual Memory: 296.06 MB used, 134217728.00 MB total
[2022.11.16-17.08.15:814][  0]ATLAS Version: 553.1 (Rev. 128614)
[2022.11.16-17.08.15:814][  0]PID: 9152
[2022.11.16-17.11.24:585][  0]Primal Game Data Took 186.01 seconds
[2022.11.16-17.11.32:071][  0]SteamSocketsOpenSource: gethostname failed ()
[2022.11.16-17.12.13:002][  0]Network range scales set to: 48 start, 77 end, 0.440000 endscale
[2022.11.16-17.12.14:301][  0]Server: "Fantastic Doubloon" has successfully started!
[2022.11.16-17.12.14:435][  0]Commandline: Blackwood?SessionName="Fantastic Doubloon"?AltSaveDirectoryName=ac1d4512-2780-4af7-ae87-ecfb3c8b7d5e_A1?ServerAdminPassword=uZNaW05a?MaxPlayers=10?ReservedPlayerSlots=0?RCONEnabled=True?RCONPort=18315?QueryPort=13001?Port=13000?MultiHome=85.190.152.93?MapPlayerLocation=true?SuppressSettlementName=false?SuppressJoinNotifications=false -log -server -culture=en -manualmanagedmods -nitradotest2 -NoCrashDialog -WaveWorksCPUThreads=1 -NoBattlEye -NoSeamlessServer
[2022.11.16-17.12.14:435][  0]Full Startup: 242.88 seconds (BP compile: 0.00 seconds)
[2022.11.16-17.12.14:436][  0]Number of cores 28
[2022.11.16-17.12.18:352][  2]Finished start-up log processing
[2022.11.17-01.57.53:904][668]'AddExperience': Bad or missing property 'fromTribeShare'
[2022.11.17-01.58.02:887][937]'AddExperience': Bad or missing property 'fromTribeShare'
[2022.11.17-01.58.07:322][ 70]'AddExperience': Bad or missing property 'fromTribeShare'
[2022.11.17-01.58.24:929][598]'AddExperience': Bad or missing property 'fromTribeShare'
[2022.11.17-17.08.03:644][350] - FPlatformMisc::RequestExit(1)
[2022.11.17-17.08.03:644][350]Log file closed, 11/17/22 09:08:03
