[2022.11.16-08.06.37:973][  0]Log file open, 11/16/22 00:06:37
[2022.11.16-08.06.37:973][  0]LogMemory: Platform Memory Stats for WindowsServer
[2022.11.16-08.06.37:973][  0]LogMemory: Process Physical Memory: 62.04 MB used, 62.04 MB peak
[2022.11.16-08.06.37:973][  0]LogMemory: Process Virtual Memory: 59.68 MB used, 59.81 MB peak
[2022.11.16-08.06.37:973][  0]LogMemory: Physical Memory: 265906.47 MB used, 393108.72 MB total
[2022.11.16-08.06.37:973][  0]LogMemory: Virtual Memory: 296.07 MB used, 134217728.00 MB total
[2022.11.16-08.06.38:426][  0]ATLAS Version: 553.1 (Rev. 128614)
[2022.11.16-08.06.38:426][  0]PID: 3356
[2022.11.16-08.07.13:073][  0]Primal Game Data Took 33.40 seconds
[2022.11.16-08.07.15:530][  0]SteamSocketsOpenSource: gethostname failed ()
[2022.11.16-08.07.25:896][  0]Network range scales set to: 48 start, 77 end, 0.440000 endscale
[2022.11.16-08.07.27:078][  0]Server: "Fantastic Doubloon" has successfully started!
[2022.11.16-08.07.27:210][  0]Commandline: Blackwood?SessionName="Fantastic Doubloon"?AltSaveDirectoryName=ac1d4512-2780-4af7-ae87-ecfb3c8b7d5e_A1?ServerAdminPassword=uZNaW05a?MaxPlayers=10?ReservedPlayerSlots=0?RCONEnabled=True?RCONPort=18315?QueryPort=13001?Port=13000?MultiHome=85.190.152.93?MapPlayerLocation=true?SuppressSettlementName=false?SuppressJoinNotifications=false -log -server -culture=en -manualmanagedmods -nitradotest2 -NoCrashDialog -WaveWorksCPUThreads=1 -NoBattlEye -NoSeamlessServer
[2022.11.16-08.07.27:210][  0]Full Startup: 50.76 seconds (BP compile: 0.00 seconds)
[2022.11.16-08.07.27:210][  0]Number of cores 28
[2022.11.16-08.07.31:121][  2]Finished start-up log processing
[2022.11.16-11.05.28:384][642]Missing opening '"' in string property value: PrimalItemShip_Deck_Wood_Medium
[2022.11.16-11.05.28:384][642]'GiveItem': Bad or missing property 'blueprintPath'
[2022.11.16-11.30.25:807][508]'GFI': Bad or missing property 'quantityOverride'
[2022.11.16-11.30.32:611][712]'GFI': Bad or missing property 'quantityOverride'
[2022.11.16-12.40.23:818][252]Missing opening '"' in string property value: PrimalItemStructure_Sail_large
[2022.11.16-12.40.23:818][252]'GiveItem': Bad or missing property 'blueprintPath'
[2022.11.16-17.07.40:299][ 57] - FPlatformMisc::RequestExit(1)
[2022.11.16-17.07.40:299][ 57]Log file closed, 11/16/22 09:07:40
