[2022.11.17-17.08.37:906][  0]Log file open, 11/17/22 09:08:37
[2022.11.17-17.08.37:906][  0]LogMemory: Platform Memory Stats for WindowsServer
[2022.11.17-17.08.37:907][  0]LogMemory: Process Physical Memory: 62.06 MB used, 62.06 MB peak
[2022.11.17-17.08.37:907][  0]LogMemory: Process Virtual Memory: 59.71 MB used, 59.84 MB peak
[2022.11.17-17.08.37:907][  0]LogMemory: Physical Memory: 261558.38 MB used, 393108.72 MB total
[2022.11.17-17.08.37:907][  0]LogMemory: Virtual Memory: 296.09 MB used, 134217728.00 MB total
[2022.11.17-17.08.38:830][  0]ATLAS Version: 553.1 (Rev. 128614)
[2022.11.17-17.08.38:830][  0]PID: 3800
[2022.11.17-17.11.52:477][  0]Primal Game Data Took 190.87 seconds
[2022.11.17-17.11.59:987][  0]SteamSocketsOpenSource: gethostname failed ()
[2022.11.17-17.12.41:885][  0]Network range scales set to: 48 start, 77 end, 0.440000 endscale
[2022.11.17-17.12.43:626][  0]Server: "Fantastic Doubloon" has successfully started!
[2022.11.17-17.12.43:766][  0]Commandline: Blackwood?SessionName="Fantastic Doubloon"?AltSaveDirectoryName=ac1d4512-2780-4af7-ae87-ecfb3c8b7d5e_A1?ServerAdminPassword=uZNaW05a?MaxPlayers=10?ReservedPlayerSlots=0?RCONEnabled=True?RCONPort=18315?QueryPort=13001?Port=13000?MultiHome=85.190.152.93?MapPlayerLocation=true?SuppressSettlementName=false?SuppressJoinNotifications=false -log -server -culture=en -manualmanagedmods -nitradotest2 -NoCrashDialog -WaveWorksCPUThreads=1 -NoBattlEye -NoSeamlessServer
[2022.11.17-17.12.43:766][  0]Full Startup: 249.06 seconds (BP compile: 0.00 seconds)
[2022.11.17-17.12.43:767][  0]Number of cores 28
[2022.11.17-17.12.47:615][  2]Finished start-up log processing
[2022.11.18-10.36.24:770][770]'GFI': Bad or missing property 'quantityOverride'
[2022.11.18-12.00.39:303][183]'SetTargetDinoColor': Bad or missing property 'ColorRegion'
[2022.11.18-12.00.41:973][263]'SetTargetDinoColor': Bad or missing property 'ColorRegion'
[2022.11.18-17.07.44:233][696] - FPlatformMisc::RequestExit(1)
[2022.11.18-17.07.44:233][696]Log file closed, 11/18/22 09:07:44
